Loaded .env
2026-02-20 18:00:01 INFO Using kurtosis enclave name: pos
2026-02-20 18:00:01 INFO Using docker network name: kt-pos
2026-02-20 18:00:01 INFO Using kurtosis-pos version: v1.2.12
2026-02-20 18:00:01 INFO Using new heimdall-v2 image: 0xpolygon/heimdall-v2:0.6.0
2026-02-20 18:00:01 INFO Using new bor image: 0xpolygon/bor:2.6.0-amd64
2026-02-20 18:00:01 INFO Using new erigon image: 0xpolygon/erigon:v3.4.0
2026-02-20 18:00:01 INFO Deploying the devnet, this may take a few minutes...
...
2026-02-20 19:15:43 INFO Listing containers
NAMES                                                                 IMAGE                         STATUS
l2-cl-1-heimdall-v2-bor-validator--75b1ec1acab845afbaaca0c004e342bf   0xpolygon/heimdall-v2:0.6.0   Up 48 seconds
l2-cl-2-heimdall-v2-bor-validator--8412c979418b415dbab8c69078fb3ab1   0xpolygon/heimdall-v2:0.6.0   Up 39 seconds
l2-cl-3-heimdall-v2-bor-validator--d0a3c97b46804842810361bece9a8ecf   0xpolygon/heimdall-v2:0.6.0   Up 31 seconds
l2-cl-4-heimdall-v2-bor-validator--02bb7af595f247d698f63f3c71c61735   0xpolygon/heimdall-v2:0.6.0   Up 22 seconds
l2-el-1-bor-heimdall-v2-validator--527351d1939e49e1ae315ee2dcda4560   0xpolygon/bor:2.6.0-amd64     Up 45 seconds
l2-el-2-bor-heimdall-v2-validator--ce375650b6f14a65b5e5d8a616f4c1d1   0xpolygon/bor:2.6.0-amd64     Up 36 seconds
l2-el-3-bor-heimdall-v2-validator--483a0476c2c5446d90532fdc01b76d9f   0xpolygon/bor:2.6.0-amd64     Up 28 seconds
l2-el-4-bor-heimdall-v2-validator--aa6cc0ca2c294854b38cf8af08085b81   0xpolygon/bor:2.6.0-amd64     Up 19 seconds
l2-el-5-bor-heimdall-v2-rpc--4445b8e5b4be47c997c0873fa740fee3         0xpolygon/bor:2.6.0-amd64     Up 15 seconds
l2-el-6-erigon-heimdall-v2-rpc--a5ecc4f2c78249f8a194d0a848942ca9      0xpolygon/erigon:v3.4.0       Up 12 seconds
2026-02-20 19:15:43 INFO Waiting for all RPCs to reach the Rio fork block 256
2026-02-20 19:15:43 INFO Check 1/50
2026-02-20 19:15:43 INFO - l2-el-1-bor-heimdall-v2-validator--527351d1939e49e1ae315ee2dcda4560: 24 / 256 - NOT READY
2026-02-20 19:15:43 INFO - l2-el-2-bor-heimdall-v2-validator--ce375650b6f14a65b5e5d8a616f4c1d1: 24 / 256 - NOT READY
2026-02-20 19:15:43 INFO - l2-el-3-bor-heimdall-v2-validator--483a0476c2c5446d90532fdc01b76d9f: 24 / 256 - NOT READY
2026-02-20 19:15:43 INFO - l2-el-4-bor-heimdall-v2-validator--aa6cc0ca2c294854b38cf8af08085b81: 24 / 256 - NOT READY
2026-02-20 19:15:43 INFO - l2-el-5-bor-heimdall-v2-rpc--4445b8e5b4be47c997c0873fa740fee3: 23 / 256 - NOT READY
2026-02-20 19:15:43 INFO - l2-el-6-erigon-heimdall-v2-rpc--a5ecc4f2c78249f8a194d0a848942ca9: 24 / 256 - NOT READY
2026-02-20 19:15:43 INFO Not all RPCs reached block 256, retrying in 10s...
2026-02-20 19:15:53 INFO Check 2/50
2026-02-20 19:15:53 INFO - l2-el-1-bor-heimdall-v2-validator--527351d1939e49e1ae315ee2dcda4560: 33 / 256 - NOT READY
2026-02-20 19:15:53 INFO - l2-el-2-bor-heimdall-v2-validator--ce375650b6f14a65b5e5d8a616f4c1d1: 33 / 256 - NOT READY
2026-02-20 19:15:53 INFO - l2-el-3-bor-heimdall-v2-validator--483a0476c2c5446d90532fdc01b76d9f: 33 / 256 - NOT READY
2026-02-20 19:15:53 INFO - l2-el-4-bor-heimdall-v2-validator--aa6cc0ca2c294854b38cf8af08085b81: 33 / 256 - NOT READY
2026-02-20 19:15:53 INFO - l2-el-5-bor-heimdall-v2-rpc--4445b8e5b4be47c997c0873fa740fee3: 33 / 256 - NOT READY
2026-02-20 19:15:53 INFO - l2-el-6-erigon-heimdall-v2-rpc--a5ecc4f2c78249f8a194d0a848942ca9: 33 / 256 - NOT READY
2026-02-20 19:15:53 INFO Not all RPCs reached block 256, retrying in 10s...
2026-02-20 19:16:03 INFO Check 3/50
2026-02-20 19:16:03 INFO - l2-el-1-bor-heimdall-v2-validator--527351d1939e49e1ae315ee2dcda4560: 43 / 256 - NOT READY
2026-02-20 19:16:03 INFO - l2-el-2-bor-heimdall-v2-validator--ce375650b6f14a65b5e5d8a616f4c1d1: 43 / 256 - NOT READY
2026-02-20 19:16:03 INFO - l2-el-3-bor-heimdall-v2-validator--483a0476c2c5446d90532fdc01b76d9f: 43 / 256 - NOT READY
2026-02-20 19:16:03 INFO - l2-el-4-bor-heimdall-v2-validator--aa6cc0ca2c294854b38cf8af08085b81: 43 / 256 - NOT READY
2026-02-20 19:16:03 INFO - l2-el-5-bor-heimdall-v2-rpc--4445b8e5b4be47c997c0873fa740fee3: 43 / 256 - NOT READY
2026-02-20 19:16:03 INFO - l2-el-6-erigon-heimdall-v2-rpc--a5ecc4f2c78249f8a194d0a848942ca9: 43 / 256 - NOT READY
2026-02-20 19:16:03 INFO Not all RPCs reached block 256, retrying in 10s...
2026-02-20 19:16:13 INFO Check 4/50
2026-02-20 19:16:13 INFO - l2-el-1-bor-heimdall-v2-validator--527351d1939e49e1ae315ee2dcda4560: 52 / 256 - NOT READY
2026-02-20 19:16:13 INFO - l2-el-2-bor-heimdall-v2-validator--ce375650b6f14a65b5e5d8a616f4c1d1: 52 / 256 - NOT READY
2026-02-20 19:16:13 INFO - l2-el-3-bor-heimdall-v2-validator--483a0476c2c5446d90532fdc01b76d9f: 52 / 256 - NOT READY
2026-02-20 19:16:13 INFO - l2-el-4-bor-heimdall-v2-validator--aa6cc0ca2c294854b38cf8af08085b81: 52 / 256 - NOT READY
2026-02-20 19:16:13 INFO - l2-el-5-bor-heimdall-v2-rpc--4445b8e5b4be47c997c0873fa740fee3: 52 / 256 - NOT READY
2026-02-20 19:16:13 INFO - l2-el-6-erigon-heimdall-v2-rpc--a5ecc4f2c78249f8a194d0a848942ca9: 52 / 256 - NOT READY
2026-02-20 19:16:13 INFO Not all RPCs reached block 256, retrying in 10s...
2026-02-20 19:16:23 INFO Check 5/50
2026-02-20 19:16:23 INFO - l2-el-1-bor-heimdall-v2-validator--527351d1939e49e1ae315ee2dcda4560: 62 / 256 - NOT READY
2026-02-20 19:16:23 INFO - l2-el-2-bor-heimdall-v2-validator--ce375650b6f14a65b5e5d8a616f4c1d1: 62 / 256 - NOT READY
2026-02-20 19:16:23 INFO - l2-el-3-bor-heimdall-v2-validator--483a0476c2c5446d90532fdc01b76d9f: 62 / 256 - NOT READY
2026-02-20 19:16:23 INFO - l2-el-4-bor-heimdall-v2-validator--aa6cc0ca2c294854b38cf8af08085b81: 62 / 256 - NOT READY
2026-02-20 19:16:23 INFO - l2-el-5-bor-heimdall-v2-rpc--4445b8e5b4be47c997c0873fa740fee3: 62 / 256 - NOT READY
2026-02-20 19:16:23 INFO - l2-el-6-erigon-heimdall-v2-rpc--a5ecc4f2c78249f8a194d0a848942ca9: 62 / 256 - NOT READY
2026-02-20 19:16:23 INFO Not all RPCs reached block 256, retrying in 10s...
2026-02-20 19:16:33 INFO Check 6/50
2026-02-20 19:16:34 INFO - l2-el-1-bor-heimdall-v2-validator--527351d1939e49e1ae315ee2dcda4560: 72 / 256 - NOT READY
2026-02-20 19:16:34 INFO - l2-el-2-bor-heimdall-v2-validator--ce375650b6f14a65b5e5d8a616f4c1d1: 72 / 256 - NOT READY
2026-02-20 19:16:34 INFO - l2-el-3-bor-heimdall-v2-validator--483a0476c2c5446d90532fdc01b76d9f: 72 / 256 - NOT READY
2026-02-20 19:16:34 INFO - l2-el-4-bor-heimdall-v2-validator--aa6cc0ca2c294854b38cf8af08085b81: 72 / 256 - NOT READY
2026-02-20 19:16:34 INFO - l2-el-5-bor-heimdall-v2-rpc--4445b8e5b4be47c997c0873fa740fee3: 72 / 256 - NOT READY
2026-02-20 19:16:34 INFO - l2-el-6-erigon-heimdall-v2-rpc--a5ecc4f2c78249f8a194d0a848942ca9: 72 / 256 - NOT READY
2026-02-20 19:16:34 INFO Not all RPCs reached block 256, retrying in 10s...
2026-02-20 19:16:44 INFO Check 7/50
2026-02-20 19:16:44 INFO - l2-el-1-bor-heimdall-v2-validator--527351d1939e49e1ae315ee2dcda4560: 81 / 256 - NOT READY
2026-02-20 19:16:44 INFO - l2-el-2-bor-heimdall-v2-validator--ce375650b6f14a65b5e5d8a616f4c1d1: 81 / 256 - NOT READY
2026-02-20 19:16:44 INFO - l2-el-3-bor-heimdall-v2-validator--483a0476c2c5446d90532fdc01b76d9f: 81 / 256 - NOT READY
2026-02-20 19:16:44 INFO - l2-el-4-bor-heimdall-v2-validator--aa6cc0ca2c294854b38cf8af08085b81: 81 / 256 - NOT READY
2026-02-20 19:16:44 INFO - l2-el-5-bor-heimdall-v2-rpc--4445b8e5b4be47c997c0873fa740fee3: 81 / 256 - NOT READY
2026-02-20 19:16:44 INFO - l2-el-6-erigon-heimdall-v2-rpc--a5ecc4f2c78249f8a194d0a848942ca9: 81 / 256 - NOT READY
2026-02-20 19:16:44 INFO Not all RPCs reached block 256, retrying in 10s...
2026-02-20 19:16:54 INFO Check 8/50
2026-02-20 19:16:54 INFO - l2-el-1-bor-heimdall-v2-validator--527351d1939e49e1ae315ee2dcda4560: 91 / 256 - NOT READY
2026-02-20 19:16:54 INFO - l2-el-2-bor-heimdall-v2-validator--ce375650b6f14a65b5e5d8a616f4c1d1: 91 / 256 - NOT READY
2026-02-20 19:16:54 INFO - l2-el-3-bor-heimdall-v2-validator--483a0476c2c5446d90532fdc01b76d9f: 91 / 256 - NOT READY
2026-02-20 19:16:54 INFO - l2-el-4-bor-heimdall-v2-validator--aa6cc0ca2c294854b38cf8af08085b81: 91 / 256 - NOT READY
2026-02-20 19:16:54 INFO - l2-el-5-bor-heimdall-v2-rpc--4445b8e5b4be47c997c0873fa740fee3: 91 / 256 - NOT READY
2026-02-20 19:16:54 INFO - l2-el-6-erigon-heimdall-v2-rpc--a5ecc4f2c78249f8a194d0a848942ca9: 91 / 256 - NOT READY
2026-02-20 19:16:54 INFO Not all RPCs reached block 256, retrying in 10s...
2026-02-20 19:17:04 INFO Check 9/50
2026-02-20 19:17:04 INFO - l2-el-1-bor-heimdall-v2-validator--527351d1939e49e1ae315ee2dcda4560: 100 / 256 - NOT READY
2026-02-20 19:17:04 INFO - l2-el-2-bor-heimdall-v2-validator--ce375650b6f14a65b5e5d8a616f4c1d1: 100 / 256 - NOT READY
2026-02-20 19:17:04 INFO - l2-el-3-bor-heimdall-v2-validator--483a0476c2c5446d90532fdc01b76d9f: 100 / 256 - NOT READY
2026-02-20 19:17:04 INFO - l2-el-4-bor-heimdall-v2-validator--aa6cc0ca2c294854b38cf8af08085b81: 100 / 256 - NOT READY
2026-02-20 19:17:04 INFO - l2-el-5-bor-heimdall-v2-rpc--4445b8e5b4be47c997c0873fa740fee3: 100 / 256 - NOT READY
2026-02-20 19:17:04 INFO - l2-el-6-erigon-heimdall-v2-rpc--a5ecc4f2c78249f8a194d0a848942ca9: 100 / 256 - NOT READY
2026-02-20 19:17:04 INFO Not all RPCs reached block 256, retrying in 10s...
2026-02-20 19:17:14 INFO Check 10/50
2026-02-20 19:17:14 INFO - l2-el-1-bor-heimdall-v2-validator--527351d1939e49e1ae315ee2dcda4560: 110 / 256 - NOT READY
2026-02-20 19:17:14 INFO - l2-el-2-bor-heimdall-v2-validator--ce375650b6f14a65b5e5d8a616f4c1d1: 110 / 256 - NOT READY
2026-02-20 19:17:14 INFO - l2-el-3-bor-heimdall-v2-validator--483a0476c2c5446d90532fdc01b76d9f: 110 / 256 - NOT READY
2026-02-20 19:17:14 INFO - l2-el-4-bor-heimdall-v2-validator--aa6cc0ca2c294854b38cf8af08085b81: 110 / 256 - NOT READY
2026-02-20 19:17:14 INFO - l2-el-5-bor-heimdall-v2-rpc--4445b8e5b4be47c997c0873fa740fee3: 110 / 256 - NOT READY
2026-02-20 19:17:14 INFO - l2-el-6-erigon-heimdall-v2-rpc--a5ecc4f2c78249f8a194d0a848942ca9: 110 / 256 - NOT READY
2026-02-20 19:17:14 INFO Not all RPCs reached block 256, retrying in 10s...
2026-02-20 19:17:24 INFO Check 11/50
2026-02-20 19:17:24 INFO - l2-el-1-bor-heimdall-v2-validator--527351d1939e49e1ae315ee2dcda4560: 119 / 256 - NOT READY
2026-02-20 19:17:24 INFO - l2-el-2-bor-heimdall-v2-validator--ce375650b6f14a65b5e5d8a616f4c1d1: 119 / 256 - NOT READY
2026-02-20 19:17:24 INFO - l2-el-3-bor-heimdall-v2-validator--483a0476c2c5446d90532fdc01b76d9f: 119 / 256 - NOT READY
2026-02-20 19:17:24 INFO - l2-el-4-bor-heimdall-v2-validator--aa6cc0ca2c294854b38cf8af08085b81: 119 / 256 - NOT READY
2026-02-20 19:17:24 INFO - l2-el-5-bor-heimdall-v2-rpc--4445b8e5b4be47c997c0873fa740fee3: 119 / 256 - NOT READY
2026-02-20 19:17:24 INFO - l2-el-6-erigon-heimdall-v2-rpc--a5ecc4f2c78249f8a194d0a848942ca9: 119 / 256 - NOT READY
2026-02-20 19:17:24 INFO Not all RPCs reached block 256, retrying in 10s...
2026-02-20 19:17:34 INFO Check 12/50
2026-02-20 19:17:34 INFO - l2-el-1-bor-heimdall-v2-validator--527351d1939e49e1ae315ee2dcda4560: 128 / 256 - NOT READY
2026-02-20 19:17:34 INFO - l2-el-2-bor-heimdall-v2-validator--ce375650b6f14a65b5e5d8a616f4c1d1: 128 / 256 - NOT READY
2026-02-20 19:17:34 INFO - l2-el-3-bor-heimdall-v2-validator--483a0476c2c5446d90532fdc01b76d9f: 128 / 256 - NOT READY
2026-02-20 19:17:34 INFO - l2-el-4-bor-heimdall-v2-validator--aa6cc0ca2c294854b38cf8af08085b81: 128 / 256 - NOT READY
2026-02-20 19:17:34 INFO - l2-el-5-bor-heimdall-v2-rpc--4445b8e5b4be47c997c0873fa740fee3: 128 / 256 - NOT READY
2026-02-20 19:17:34 INFO - l2-el-6-erigon-heimdall-v2-rpc--a5ecc4f2c78249f8a194d0a848942ca9: 128 / 256 - NOT READY
2026-02-20 19:17:34 INFO Not all RPCs reached block 256, retrying in 10s...
2026-02-20 19:17:44 INFO Check 13/50
2026-02-20 19:17:45 INFO - l2-el-1-bor-heimdall-v2-validator--527351d1939e49e1ae315ee2dcda4560: 139 / 256 - NOT READY
2026-02-20 19:17:45 INFO - l2-el-2-bor-heimdall-v2-validator--ce375650b6f14a65b5e5d8a616f4c1d1: 139 / 256 - NOT READY
2026-02-20 19:17:45 INFO - l2-el-3-bor-heimdall-v2-validator--483a0476c2c5446d90532fdc01b76d9f: 139 / 256 - NOT READY
2026-02-20 19:17:45 INFO - l2-el-4-bor-heimdall-v2-validator--aa6cc0ca2c294854b38cf8af08085b81: 139 / 256 - NOT READY
2026-02-20 19:17:45 INFO - l2-el-5-bor-heimdall-v2-rpc--4445b8e5b4be47c997c0873fa740fee3: 139 / 256 - NOT READY
2026-02-20 19:17:45 INFO - l2-el-6-erigon-heimdall-v2-rpc--a5ecc4f2c78249f8a194d0a848942ca9: 139 / 256 - NOT READY
2026-02-20 19:17:45 INFO Not all RPCs reached block 256, retrying in 10s...
2026-02-20 19:17:55 INFO Check 14/50
2026-02-20 19:17:55 INFO - l2-el-1-bor-heimdall-v2-validator--527351d1939e49e1ae315ee2dcda4560: 148 / 256 - NOT READY
2026-02-20 19:17:55 INFO - l2-el-2-bor-heimdall-v2-validator--ce375650b6f14a65b5e5d8a616f4c1d1: 148 / 256 - NOT READY
2026-02-20 19:17:55 INFO - l2-el-3-bor-heimdall-v2-validator--483a0476c2c5446d90532fdc01b76d9f: 148 / 256 - NOT READY
2026-02-20 19:17:55 INFO - l2-el-4-bor-heimdall-v2-validator--aa6cc0ca2c294854b38cf8af08085b81: 148 / 256 - NOT READY
2026-02-20 19:17:55 INFO - l2-el-5-bor-heimdall-v2-rpc--4445b8e5b4be47c997c0873fa740fee3: 148 / 256 - NOT READY
2026-02-20 19:17:55 INFO - l2-el-6-erigon-heimdall-v2-rpc--a5ecc4f2c78249f8a194d0a848942ca9: 148 / 256 - NOT READY
2026-02-20 19:17:55 INFO Not all RPCs reached block 256, retrying in 10s...
2026-02-20 19:18:05 INFO Check 15/50
2026-02-20 19:18:05 INFO - l2-el-1-bor-heimdall-v2-validator--527351d1939e49e1ae315ee2dcda4560: 158 / 256 - NOT READY
2026-02-20 19:18:05 INFO - l2-el-2-bor-heimdall-v2-validator--ce375650b6f14a65b5e5d8a616f4c1d1: 158 / 256 - NOT READY
2026-02-20 19:18:05 INFO - l2-el-3-bor-heimdall-v2-validator--483a0476c2c5446d90532fdc01b76d9f: 158 / 256 - NOT READY
2026-02-20 19:18:05 INFO - l2-el-4-bor-heimdall-v2-validator--aa6cc0ca2c294854b38cf8af08085b81: 158 / 256 - NOT READY
2026-02-20 19:18:05 INFO - l2-el-5-bor-heimdall-v2-rpc--4445b8e5b4be47c997c0873fa740fee3: 158 / 256 - NOT READY
2026-02-20 19:18:05 INFO - l2-el-6-erigon-heimdall-v2-rpc--a5ecc4f2c78249f8a194d0a848942ca9: 158 / 256 - NOT READY
2026-02-20 19:18:05 INFO Not all RPCs reached block 256, retrying in 10s...
2026-02-20 19:18:15 INFO Check 16/50
2026-02-20 19:18:15 INFO - l2-el-1-bor-heimdall-v2-validator--527351d1939e49e1ae315ee2dcda4560: 167 / 256 - NOT READY
2026-02-20 19:18:15 INFO - l2-el-2-bor-heimdall-v2-validator--ce375650b6f14a65b5e5d8a616f4c1d1: 167 / 256 - NOT READY
2026-02-20 19:18:15 INFO - l2-el-3-bor-heimdall-v2-validator--483a0476c2c5446d90532fdc01b76d9f: 167 / 256 - NOT READY
2026-02-20 19:18:15 INFO - l2-el-4-bor-heimdall-v2-validator--aa6cc0ca2c294854b38cf8af08085b81: 167 / 256 - NOT READY
2026-02-20 19:18:15 INFO - l2-el-5-bor-heimdall-v2-rpc--4445b8e5b4be47c997c0873fa740fee3: 167 / 256 - NOT READY
2026-02-20 19:18:15 INFO - l2-el-6-erigon-heimdall-v2-rpc--a5ecc4f2c78249f8a194d0a848942ca9: 167 / 256 - NOT READY
2026-02-20 19:18:15 INFO Not all RPCs reached block 256, retrying in 10s...
2026-02-20 19:18:25 INFO Check 17/50
2026-02-20 19:18:25 INFO - l2-el-1-bor-heimdall-v2-validator--527351d1939e49e1ae315ee2dcda4560: 176 / 256 - NOT READY
2026-02-20 19:18:25 INFO - l2-el-2-bor-heimdall-v2-validator--ce375650b6f14a65b5e5d8a616f4c1d1: 176 / 256 - NOT READY
2026-02-20 19:18:25 INFO - l2-el-3-bor-heimdall-v2-validator--483a0476c2c5446d90532fdc01b76d9f: 176 / 256 - NOT READY
2026-02-20 19:18:25 INFO - l2-el-4-bor-heimdall-v2-validator--aa6cc0ca2c294854b38cf8af08085b81: 176 / 256 - NOT READY
2026-02-20 19:18:25 INFO - l2-el-5-bor-heimdall-v2-rpc--4445b8e5b4be47c997c0873fa740fee3: 176 / 256 - NOT READY
2026-02-20 19:18:25 INFO - l2-el-6-erigon-heimdall-v2-rpc--a5ecc4f2c78249f8a194d0a848942ca9: 176 / 256 - NOT READY
2026-02-20 19:18:25 INFO Not all RPCs reached block 256, retrying in 10s...
2026-02-20 19:18:35 INFO Check 18/50
2026-02-20 19:18:35 INFO - l2-el-1-bor-heimdall-v2-validator--527351d1939e49e1ae315ee2dcda4560: 186 / 256 - NOT READY
2026-02-20 19:18:35 INFO - l2-el-2-bor-heimdall-v2-validator--ce375650b6f14a65b5e5d8a616f4c1d1: 186 / 256 - NOT READY
2026-02-20 19:18:35 INFO - l2-el-3-bor-heimdall-v2-validator--483a0476c2c5446d90532fdc01b76d9f: 186 / 256 - NOT READY
2026-02-20 19:18:35 INFO - l2-el-4-bor-heimdall-v2-validator--aa6cc0ca2c294854b38cf8af08085b81: 186 / 256 - NOT READY
2026-02-20 19:18:35 INFO - l2-el-5-bor-heimdall-v2-rpc--4445b8e5b4be47c997c0873fa740fee3: 186 / 256 - NOT READY
2026-02-20 19:18:35 INFO - l2-el-6-erigon-heimdall-v2-rpc--a5ecc4f2c78249f8a194d0a848942ca9: 186 / 256 - NOT READY
2026-02-20 19:18:35 INFO Not all RPCs reached block 256, retrying in 10s...
2026-02-20 19:18:45 INFO Check 19/50
2026-02-20 19:18:45 INFO - l2-el-1-bor-heimdall-v2-validator--527351d1939e49e1ae315ee2dcda4560: 195 / 256 - NOT READY
2026-02-20 19:18:45 INFO - l2-el-2-bor-heimdall-v2-validator--ce375650b6f14a65b5e5d8a616f4c1d1: 195 / 256 - NOT READY
2026-02-20 19:18:45 INFO - l2-el-3-bor-heimdall-v2-validator--483a0476c2c5446d90532fdc01b76d9f: 195 / 256 - NOT READY
2026-02-20 19:18:45 INFO - l2-el-4-bor-heimdall-v2-validator--aa6cc0ca2c294854b38cf8af08085b81: 195 / 256 - NOT READY
2026-02-20 19:18:45 INFO - l2-el-5-bor-heimdall-v2-rpc--4445b8e5b4be47c997c0873fa740fee3: 195 / 256 - NOT READY
2026-02-20 19:18:45 INFO - l2-el-6-erigon-heimdall-v2-rpc--a5ecc4f2c78249f8a194d0a848942ca9: 195 / 256 - NOT READY
2026-02-20 19:18:45 INFO Not all RPCs reached block 256, retrying in 10s...
2026-02-20 19:18:55 INFO Check 20/50
2026-02-20 19:18:56 INFO - l2-el-1-bor-heimdall-v2-validator--527351d1939e49e1ae315ee2dcda4560: 206 / 256 - NOT READY
2026-02-20 19:18:56 INFO - l2-el-2-bor-heimdall-v2-validator--ce375650b6f14a65b5e5d8a616f4c1d1: 206 / 256 - NOT READY
2026-02-20 19:18:56 INFO - l2-el-3-bor-heimdall-v2-validator--483a0476c2c5446d90532fdc01b76d9f: 206 / 256 - NOT READY
2026-02-20 19:18:56 INFO - l2-el-4-bor-heimdall-v2-validator--aa6cc0ca2c294854b38cf8af08085b81: 206 / 256 - NOT READY
2026-02-20 19:18:56 INFO - l2-el-5-bor-heimdall-v2-rpc--4445b8e5b4be47c997c0873fa740fee3: 206 / 256 - NOT READY
2026-02-20 19:18:56 INFO - l2-el-6-erigon-heimdall-v2-rpc--a5ecc4f2c78249f8a194d0a848942ca9: 206 / 256 - NOT READY
2026-02-20 19:18:56 INFO Not all RPCs reached block 256, retrying in 10s...
2026-02-20 19:19:06 INFO Check 21/50
2026-02-20 19:19:06 INFO - l2-el-1-bor-heimdall-v2-validator--527351d1939e49e1ae315ee2dcda4560: 215 / 256 - NOT READY
2026-02-20 19:19:06 INFO - l2-el-2-bor-heimdall-v2-validator--ce375650b6f14a65b5e5d8a616f4c1d1: 215 / 256 - NOT READY
2026-02-20 19:19:06 INFO - l2-el-3-bor-heimdall-v2-validator--483a0476c2c5446d90532fdc01b76d9f: 215 / 256 - NOT READY
2026-02-20 19:19:06 INFO - l2-el-4-bor-heimdall-v2-validator--aa6cc0ca2c294854b38cf8af08085b81: 215 / 256 - NOT READY
2026-02-20 19:19:06 INFO - l2-el-5-bor-heimdall-v2-rpc--4445b8e5b4be47c997c0873fa740fee3: 215 / 256 - NOT READY
2026-02-20 19:19:06 INFO - l2-el-6-erigon-heimdall-v2-rpc--a5ecc4f2c78249f8a194d0a848942ca9: 215 / 256 - NOT READY
2026-02-20 19:19:06 INFO Not all RPCs reached block 256, retrying in 10s...
2026-02-20 19:19:16 INFO Check 22/50
2026-02-20 19:19:16 INFO - l2-el-1-bor-heimdall-v2-validator--527351d1939e49e1ae315ee2dcda4560: 224 / 256 - NOT READY
2026-02-20 19:19:16 INFO - l2-el-2-bor-heimdall-v2-validator--ce375650b6f14a65b5e5d8a616f4c1d1: 224 / 256 - NOT READY
2026-02-20 19:19:16 INFO - l2-el-3-bor-heimdall-v2-validator--483a0476c2c5446d90532fdc01b76d9f: 224 / 256 - NOT READY
2026-02-20 19:19:16 INFO - l2-el-4-bor-heimdall-v2-validator--aa6cc0ca2c294854b38cf8af08085b81: 224 / 256 - NOT READY
2026-02-20 19:19:16 INFO - l2-el-5-bor-heimdall-v2-rpc--4445b8e5b4be47c997c0873fa740fee3: 224 / 256 - NOT READY
2026-02-20 19:19:16 INFO - l2-el-6-erigon-heimdall-v2-rpc--a5ecc4f2c78249f8a194d0a848942ca9: 224 / 256 - NOT READY
2026-02-20 19:19:16 INFO Not all RPCs reached block 256, retrying in 10s...
2026-02-20 19:19:26 INFO Check 23/50
2026-02-20 19:19:26 INFO - l2-el-1-bor-heimdall-v2-validator--527351d1939e49e1ae315ee2dcda4560: 234 / 256 - NOT READY
2026-02-20 19:19:26 INFO - l2-el-2-bor-heimdall-v2-validator--ce375650b6f14a65b5e5d8a616f4c1d1: 234 / 256 - NOT READY
2026-02-20 19:19:26 INFO - l2-el-3-bor-heimdall-v2-validator--483a0476c2c5446d90532fdc01b76d9f: 234 / 256 - NOT READY
2026-02-20 19:19:26 INFO - l2-el-4-bor-heimdall-v2-validator--aa6cc0ca2c294854b38cf8af08085b81: 234 / 256 - NOT READY
2026-02-20 19:19:26 INFO - l2-el-5-bor-heimdall-v2-rpc--4445b8e5b4be47c997c0873fa740fee3: 234 / 256 - NOT READY
2026-02-20 19:19:26 INFO - l2-el-6-erigon-heimdall-v2-rpc--a5ecc4f2c78249f8a194d0a848942ca9: 234 / 256 - NOT READY
2026-02-20 19:19:26 INFO Not all RPCs reached block 256, retrying in 10s...
2026-02-20 19:19:36 INFO Check 24/50
2026-02-20 19:19:36 INFO - l2-el-1-bor-heimdall-v2-validator--527351d1939e49e1ae315ee2dcda4560: 243 / 256 - NOT READY
2026-02-20 19:19:36 INFO - l2-el-2-bor-heimdall-v2-validator--ce375650b6f14a65b5e5d8a616f4c1d1: 243 / 256 - NOT READY
2026-02-20 19:19:36 INFO - l2-el-3-bor-heimdall-v2-validator--483a0476c2c5446d90532fdc01b76d9f: 243 / 256 - NOT READY
2026-02-20 19:19:36 INFO - l2-el-4-bor-heimdall-v2-validator--aa6cc0ca2c294854b38cf8af08085b81: 243 / 256 - NOT READY
2026-02-20 19:19:36 INFO - l2-el-5-bor-heimdall-v2-rpc--4445b8e5b4be47c997c0873fa740fee3: 243 / 256 - NOT READY
2026-02-20 19:19:36 INFO - l2-el-6-erigon-heimdall-v2-rpc--a5ecc4f2c78249f8a194d0a848942ca9: 243 / 256 - NOT READY
2026-02-20 19:19:36 INFO Not all RPCs reached block 256, retrying in 10s...
2026-02-20 19:19:46 INFO Check 25/50
2026-02-20 19:19:46 INFO - l2-el-1-bor-heimdall-v2-validator--527351d1939e49e1ae315ee2dcda4560: 253 / 256 - NOT READY
2026-02-20 19:19:46 INFO - l2-el-2-bor-heimdall-v2-validator--ce375650b6f14a65b5e5d8a616f4c1d1: 253 / 256 - NOT READY
2026-02-20 19:19:46 INFO - l2-el-3-bor-heimdall-v2-validator--483a0476c2c5446d90532fdc01b76d9f: 253 / 256 - NOT READY
2026-02-20 19:19:46 INFO - l2-el-4-bor-heimdall-v2-validator--aa6cc0ca2c294854b38cf8af08085b81: 253 / 256 - NOT READY
2026-02-20 19:19:46 INFO - l2-el-5-bor-heimdall-v2-rpc--4445b8e5b4be47c997c0873fa740fee3: 253 / 256 - NOT READY
2026-02-20 19:19:46 INFO - l2-el-6-erigon-heimdall-v2-rpc--a5ecc4f2c78249f8a194d0a848942ca9: 253 / 256 - NOT READY
2026-02-20 19:19:46 INFO Not all RPCs reached block 256, retrying in 10s...
2026-02-20 19:19:56 INFO Check 26/50
2026-02-20 19:19:56 INFO - l2-el-1-bor-heimdall-v2-validator--527351d1939e49e1ae315ee2dcda4560: 263 / 256 - OK
2026-02-20 19:19:56 INFO - l2-el-2-bor-heimdall-v2-validator--ce375650b6f14a65b5e5d8a616f4c1d1: 263 / 256 - OK
2026-02-20 19:19:56 INFO - l2-el-3-bor-heimdall-v2-validator--483a0476c2c5446d90532fdc01b76d9f: 263 / 256 - OK
2026-02-20 19:19:56 INFO - l2-el-4-bor-heimdall-v2-validator--aa6cc0ca2c294854b38cf8af08085b81: 263 / 256 - OK
2026-02-20 19:19:56 INFO - l2-el-5-bor-heimdall-v2-rpc--4445b8e5b4be47c997c0873fa740fee3: 263 / 256 - OK
2026-02-20 19:19:56 INFO - l2-el-6-erigon-heimdall-v2-rpc--a5ecc4f2c78249f8a194d0a848942ca9: 263 / 256 - OK
2026-02-20 19:19:56 INFO All RPCs reached block 256
2026-02-20 19:19:57 INFO Current block: 263, latest span ID: 3
2026-02-20 19:19:57 INFO Block 263 is in span 2 (256-383), producer val_id: 2
2026-02-20 19:19:57 INFO Current block producer ID: 2
2026-02-20 19:19:57 INFO Upgrading 3 CL services sequentially (excluding block producer 2)
2026-02-20 19:19:57 INFO Upgrading CL service: l2-cl-1-heimdall-v2-bor-validator of type heimdall-v2
2026-02-20 19:19:57 INFO Stopping kurtosis service
INFO[2026-02-20T19:19:57+01:00] Stopping service 'l2-cl-1-heimdall-v2-bor-validator' 
0
2026-02-20 19:20:02 INFO Service stopped
2026-02-20 19:20:02 INFO Extracting service data and configuration
Successfully copied 51.2kB to /home/leovct/Documents/internal/e2e/scenarios/pos/upgrade/tmp/l2-cl-1-heimdall-v2-bor-validator/heimdall-v2_data
Successfully copied 57.3kB to /home/leovct/Documents/internal/e2e/scenarios/pos/upgrade/tmp/l2-cl-1-heimdall-v2-bor-validator/heimdall-v2_etc_config
Successfully copied 10.8MB to /home/leovct/Documents/internal/e2e/scenarios/pos/upgrade/tmp/l2-cl-1-heimdall-v2-bor-validator/heimdall-v2_etc_data
Successfully copied 4.61kB to /home/leovct/Documents/internal/e2e/scenarios/pos/upgrade/tmp/l2-cl-1-heimdall-v2-bor-validator/heimdall-v2_scripts
l2-cl-1-heimdall-v2-bor-validator
370d886044f1833eb343fcb78baf1c501b3c9551166db1a3f2e66372cc6fe1dc
2026-02-20 19:20:02 INFO Container started
2026-02-20 19:20:02 INFO Upgrading CL service: l2-cl-3-heimdall-v2-bor-validator of type heimdall-v2
2026-02-20 19:20:02 INFO Stopping kurtosis service
INFO[2026-02-20T19:20:02+01:00] Stopping service 'l2-cl-3-heimdall-v2-bor-validator' 
0
2026-02-20 19:20:07 INFO Service stopped
2026-02-20 19:20:07 INFO Extracting service data and configuration
Successfully copied 51.2kB to /home/leovct/Documents/internal/e2e/scenarios/pos/upgrade/tmp/l2-cl-3-heimdall-v2-bor-validator/heimdall-v2_data
Successfully copied 57.9kB to /home/leovct/Documents/internal/e2e/scenarios/pos/upgrade/tmp/l2-cl-3-heimdall-v2-bor-validator/heimdall-v2_etc_config
Successfully copied 10.9MB to /home/leovct/Documents/internal/e2e/scenarios/pos/upgrade/tmp/l2-cl-3-heimdall-v2-bor-validator/heimdall-v2_etc_data
Successfully copied 4.61kB to /home/leovct/Documents/internal/e2e/scenarios/pos/upgrade/tmp/l2-cl-3-heimdall-v2-bor-validator/heimdall-v2_scripts
l2-cl-3-heimdall-v2-bor-validator
770dcd55fbcbc8ff2519e2810eec3ff52c258e61fdfbcef688c50921740dd620
2026-02-20 19:20:07 INFO Container started
2026-02-20 19:20:07 INFO Upgrading CL service: l2-cl-4-heimdall-v2-bor-validator of type heimdall-v2
2026-02-20 19:20:07 INFO Stopping kurtosis service
INFO[2026-02-20T19:20:08+01:00] Stopping service 'l2-cl-4-heimdall-v2-bor-validator' 
0
2026-02-20 19:20:12 INFO Service stopped
2026-02-20 19:20:12 INFO Extracting service data and configuration
Successfully copied 51.2kB to /home/leovct/Documents/internal/e2e/scenarios/pos/upgrade/tmp/l2-cl-4-heimdall-v2-bor-validator/heimdall-v2_data
Successfully copied 58.4kB to /home/leovct/Documents/internal/e2e/scenarios/pos/upgrade/tmp/l2-cl-4-heimdall-v2-bor-validator/heimdall-v2_etc_config
Successfully copied 10.9MB to /home/leovct/Documents/internal/e2e/scenarios/pos/upgrade/tmp/l2-cl-4-heimdall-v2-bor-validator/heimdall-v2_etc_data
Successfully copied 4.61kB to /home/leovct/Documents/internal/e2e/scenarios/pos/upgrade/tmp/l2-cl-4-heimdall-v2-bor-validator/heimdall-v2_scripts
l2-cl-4-heimdall-v2-bor-validator
a29a8e608346459c1715f41f231058f33b6d4e06c02afae8252ed5088e344e86
2026-02-20 19:20:12 INFO Container started
2026-02-20 19:20:12 INFO Upgrading 5 EL services sequentially (excluding block producer 2)
2026-02-20 19:20:12 INFO Upgrading EL service: l2-el-1-bor-heimdall-v2-validator of type bor
2026-02-20 19:20:12 INFO Stopping kurtosis service
INFO[2026-02-20T19:20:13+01:00] Stopping service 'l2-el-1-bor-heimdall-v2-validator' 
0
2026-02-20 19:20:17 INFO Service stopped
2026-02-20 19:20:17 INFO Extracting service data and configuration
Successfully copied 1.63MB to /home/leovct/Documents/internal/e2e/scenarios/pos/upgrade/tmp/l2-el-1-bor-heimdall-v2-validator/bor_data
Successfully copied 67.1kB to /home/leovct/Documents/internal/e2e/scenarios/pos/upgrade/tmp/l2-el-1-bor-heimdall-v2-validator/bor_etc
Successfully copied 4.61kB to /home/leovct/Documents/internal/e2e/scenarios/pos/upgrade/tmp/l2-el-1-bor-heimdall-v2-validator/bor_scripts
l2-el-1-bor-heimdall-v2-validator
2026-02-20 19:20:17 INFO Starting new container with image: 0xpolygon/bor:2.6.0-amd64
2f2ab195849bde8d5472969b03b8d45c79422a6944ada478217d72882aefe71f
2026-02-20 19:20:18 INFO Container started
2026-02-20 19:20:18 INFO Upgrading EL service: l2-el-3-bor-heimdall-v2-validator of type bor
2026-02-20 19:20:18 INFO Stopping kurtosis service
INFO[2026-02-20T19:20:18+01:00] Stopping service 'l2-el-3-bor-heimdall-v2-validator' 
0
2026-02-20 19:20:23 INFO Service stopped
2026-02-20 19:20:23 INFO Extracting service data and configuration
Successfully copied 1.59MB to /home/leovct/Documents/internal/e2e/scenarios/pos/upgrade/tmp/l2-el-3-bor-heimdall-v2-validator/bor_data
Successfully copied 67.1kB to /home/leovct/Documents/internal/e2e/scenarios/pos/upgrade/tmp/l2-el-3-bor-heimdall-v2-validator/bor_etc
Successfully copied 4.61kB to /home/leovct/Documents/internal/e2e/scenarios/pos/upgrade/tmp/l2-el-3-bor-heimdall-v2-validator/bor_scripts
l2-el-3-bor-heimdall-v2-validator
2026-02-20 19:20:23 INFO Starting new container with image: 0xpolygon/bor:2.6.0-amd64
eecfceb240bb5671df41ff96ae01850303098e568fd7fc1aa88dbd4d2f4a0934
2026-02-20 19:20:23 INFO Container started
2026-02-20 19:20:23 INFO Upgrading EL service: l2-el-4-bor-heimdall-v2-validator of type bor
2026-02-20 19:20:23 INFO Stopping kurtosis service
INFO[2026-02-20T19:20:23+01:00] Stopping service 'l2-el-4-bor-heimdall-v2-validator' 
0
2026-02-20 19:20:28 INFO Service stopped
2026-02-20 19:20:28 INFO Extracting service data and configuration
Successfully copied 1.61MB to /home/leovct/Documents/internal/e2e/scenarios/pos/upgrade/tmp/l2-el-4-bor-heimdall-v2-validator/bor_data
Successfully copied 67.1kB to /home/leovct/Documents/internal/e2e/scenarios/pos/upgrade/tmp/l2-el-4-bor-heimdall-v2-validator/bor_etc
Successfully copied 4.61kB to /home/leovct/Documents/internal/e2e/scenarios/pos/upgrade/tmp/l2-el-4-bor-heimdall-v2-validator/bor_scripts
l2-el-4-bor-heimdall-v2-validator
2026-02-20 19:20:28 INFO Starting new container with image: 0xpolygon/bor:2.6.0-amd64
27a1e2d84812c0edcb1a331f8a4dfd677b58c0bfc6261e170c691ba29b2cca31
2026-02-20 19:20:28 INFO Container started
2026-02-20 19:20:28 INFO Upgrading EL service: l2-el-5-bor-heimdall-v2-rpc of type bor
2026-02-20 19:20:28 INFO Stopping kurtosis service
INFO[2026-02-20T19:20:28+01:00] Stopping service 'l2-el-5-bor-heimdall-v2-rpc' 
0
2026-02-20 19:20:33 INFO Service stopped
2026-02-20 19:20:33 INFO Extracting service data and configuration
Successfully copied 4.01MB to /home/leovct/Documents/internal/e2e/scenarios/pos/upgrade/tmp/l2-el-5-bor-heimdall-v2-rpc/bor_data
Successfully copied 66.6kB to /home/leovct/Documents/internal/e2e/scenarios/pos/upgrade/tmp/l2-el-5-bor-heimdall-v2-rpc/bor_etc
Successfully copied 4.61kB to /home/leovct/Documents/internal/e2e/scenarios/pos/upgrade/tmp/l2-el-5-bor-heimdall-v2-rpc/bor_scripts
l2-el-5-bor-heimdall-v2-rpc
2026-02-20 19:20:33 INFO Starting new container with image: 0xpolygon/bor:2.6.0-amd64
88e7288703f432500f9e6e194b05fe2bfb08231a0347347446573175fc455a0b
2026-02-20 19:20:33 INFO Container started
2026-02-20 19:20:33 INFO Upgrading EL service: l2-el-6-erigon-heimdall-v2-rpc of type erigon
2026-02-20 19:20:33 INFO Stopping kurtosis service
INFO[2026-02-20T19:20:34+01:00] Stopping service 'l2-el-6-erigon-heimdall-v2-rpc' 
0
2026-02-20 19:20:38 INFO Service stopped
2026-02-20 19:20:38 INFO Extracting service data and configuration
Successfully copied 36.1MB to /home/leovct/Documents/internal/e2e/scenarios/pos/upgrade/tmp/l2-el-6-erigon-heimdall-v2-rpc/erigon_data
Successfully copied 60.4kB to /home/leovct/Documents/internal/e2e/scenarios/pos/upgrade/tmp/l2-el-6-erigon-heimdall-v2-rpc/erigon_etc
l2-el-6-erigon-heimdall-v2-rpc
2026-02-20 19:20:38 INFO Starting new container with image: 0xpolygon/erigon:v3.4.0
439779a9cfcef9d50234c0f1b856db7b8f1141e7e0b8b03f917a7a7a6e7c2bcd
2026-02-20 19:20:38 INFO Container started
2026-02-20 19:20:48 INFO All non-producer services upgraded
2026-02-20 19:20:48 INFO Querying RPCs
2026-02-20 19:20:48 INFO - l2-el-1-bor-heimdall-v2-validator: 315
2026-02-20 19:20:48 INFO - l2-el-2-bor-heimdall-v2-validator--ce375650b6f14a65b5e5d8a616f4c1d1: 315
2026-02-20 19:20:49 INFO - l2-el-3-bor-heimdall-v2-validator: 316
2026-02-20 19:20:49 INFO - l2-el-4-bor-heimdall-v2-validator: 316
2026-02-20 19:20:49 INFO - l2-el-5-bor-heimdall-v2-rpc: 316
2026-02-20 19:20:49 INFO - l2-el-6-erigon-heimdall-v2-rpc: 316
2026-02-20 19:20:49 INFO Listing containers
NAMES                                                                 IMAGE                         STATUS
l2-cl-1-heimdall-v2-bor-validator                                     0xpolygon/heimdall-v2:0.6.0   Up 46 seconds
l2-cl-2-heimdall-v2-bor-validator--8412c979418b415dbab8c69078fb3ab1   0xpolygon/heimdall-v2:0.6.0   Up 5 minutes
l2-cl-3-heimdall-v2-bor-validator                                     0xpolygon/heimdall-v2:0.6.0   Up 41 seconds
l2-cl-4-heimdall-v2-bor-validator                                     0xpolygon/heimdall-v2:0.6.0   Up 36 seconds
l2-el-1-bor-heimdall-v2-validator                                     0xpolygon/bor:2.6.0-amd64     Up 31 seconds
l2-el-2-bor-heimdall-v2-validator--ce375650b6f14a65b5e5d8a616f4c1d1   0xpolygon/bor:2.6.0-amd64     Up 5 minutes
l2-el-3-bor-heimdall-v2-validator                                     0xpolygon/bor:2.6.0-amd64     Up 25 seconds
l2-el-4-bor-heimdall-v2-validator                                     0xpolygon/bor:2.6.0-amd64     Up 20 seconds
l2-el-5-bor-heimdall-v2-rpc                                           0xpolygon/bor:2.6.0-amd64     Up 15 seconds
l2-el-6-erigon-heimdall-v2-rpc                                        0xpolygon/erigon:v3.4.0       Up 10 seconds
2026-02-20 19:20:49 INFO Waiting for block producer rotation before upgrading producer 2
2026-02-20 19:20:49 INFO Waiting for block producer rotation
2026-02-20 19:20:49 INFO Current block: 316, latest span ID: 3
2026-02-20 19:20:49 INFO Block 316 is in span 2 (256-383), producer val_id: 2
2026-02-20 19:20:49 INFO Block producer ID: 2
2026-02-20 19:20:49 INFO Block producer has not rotated, retrying in 10s...
2026-02-20 19:20:59 INFO Current block: 326, latest span ID: 3
2026-02-20 19:20:59 INFO Block 326 is in span 2 (256-383), producer val_id: 2
2026-02-20 19:20:59 INFO Block producer ID: 2
2026-02-20 19:20:59 INFO Block producer has not rotated, retrying in 10s...
2026-02-20 19:21:09 INFO Current block: 336, latest span ID: 3
2026-02-20 19:21:09 INFO Block 336 is in span 2 (256-383), producer val_id: 2
2026-02-20 19:21:09 INFO Block producer ID: 2
2026-02-20 19:21:09 INFO Block producer has not rotated, retrying in 10s...
2026-02-20 19:21:19 INFO Current block: 346, latest span ID: 3
2026-02-20 19:21:19 INFO Block 346 is in span 2 (256-383), producer val_id: 2
2026-02-20 19:21:19 INFO Block producer ID: 2
2026-02-20 19:21:19 INFO Block producer has not rotated, retrying in 10s...
2026-02-20 19:21:29 INFO Current block: 356, latest span ID: 3
2026-02-20 19:21:29 INFO Block 356 is in span 2 (256-383), producer val_id: 2
2026-02-20 19:21:29 INFO Block producer ID: 2
2026-02-20 19:21:29 INFO Block producer has not rotated, retrying in 10s...
2026-02-20 19:21:39 INFO Current block: 366, latest span ID: 3
2026-02-20 19:21:39 INFO Block 366 is in span 2 (256-383), producer val_id: 2
2026-02-20 19:21:39 INFO Block producer ID: 2
2026-02-20 19:21:39 INFO Block producer has not rotated, retrying in 10s...
2026-02-20 19:21:50 INFO Current block: 377, latest span ID: 3
2026-02-20 19:21:50 INFO Block 377 is in span 2 (256-383), producer val_id: 2
2026-02-20 19:21:50 INFO Block producer ID: 2
2026-02-20 19:21:50 INFO Block producer has not rotated, retrying in 10s...
2026-02-20 19:22:00 INFO Current block: 387, latest span ID: 4
2026-02-20 19:22:00 INFO Block 387 is in span 3 (384-511), producer val_id: 3
2026-02-20 19:22:00 INFO Block producer ID: 3
2026-02-20 19:22:00 INFO Block producer rotated!
2026-02-20 19:22:00 INFO Upgrading the old block producer
2026-02-20 19:22:00 INFO Upgrading CL service: l2-cl-2-heimdall-v2-bor-validator of type heimdall-v2
2026-02-20 19:22:00 INFO Stopping kurtosis service
INFO[2026-02-20T19:22:00+01:00] Stopping service 'l2-cl-2-heimdall-v2-bor-validator' 
0
2026-02-20 19:22:05 INFO Service stopped
2026-02-20 19:22:05 INFO Extracting service data and configuration
Successfully copied 51.2kB to /home/leovct/Documents/internal/e2e/scenarios/pos/upgrade/tmp/l2-cl-2-heimdall-v2-bor-validator/heimdall-v2_data
Successfully copied 57.3kB to /home/leovct/Documents/internal/e2e/scenarios/pos/upgrade/tmp/l2-cl-2-heimdall-v2-bor-validator/heimdall-v2_etc_config
Successfully copied 15.2MB to /home/leovct/Documents/internal/e2e/scenarios/pos/upgrade/tmp/l2-cl-2-heimdall-v2-bor-validator/heimdall-v2_etc_data
Successfully copied 4.61kB to /home/leovct/Documents/internal/e2e/scenarios/pos/upgrade/tmp/l2-cl-2-heimdall-v2-bor-validator/heimdall-v2_scripts
l2-cl-2-heimdall-v2-bor-validator
eeeaa3fec2dfae4da1cb6cd2ddc7aa10bab42a77008bf0604308dc8bcb63be9c
2026-02-20 19:22:05 INFO Container started
2026-02-20 19:22:05 INFO Upgrading EL service: l2-el-2-bor-heimdall-v2-validator of type bor
2026-02-20 19:22:05 INFO Stopping kurtosis service
INFO[2026-02-20T19:22:05+01:00] Stopping service 'l2-el-2-bor-heimdall-v2-validator' 
0
2026-02-20 19:22:10 INFO Service stopped
2026-02-20 19:22:10 INFO Extracting service data and configuration
Successfully copied 1.95MB to /home/leovct/Documents/internal/e2e/scenarios/pos/upgrade/tmp/l2-el-2-bor-heimdall-v2-validator/bor_data
Successfully copied 67.1kB to /home/leovct/Documents/internal/e2e/scenarios/pos/upgrade/tmp/l2-el-2-bor-heimdall-v2-validator/bor_etc
Successfully copied 4.61kB to /home/leovct/Documents/internal/e2e/scenarios/pos/upgrade/tmp/l2-el-2-bor-heimdall-v2-validator/bor_scripts
l2-el-2-bor-heimdall-v2-validator
2026-02-20 19:22:10 INFO Starting new container with image: 0xpolygon/bor:2.6.0-amd64
33e96245c69d7a914d185d376198effb9fe9f1dacb93fa90d166d752ee2dab60
2026-02-20 19:22:10 INFO Container started
2026-02-20 19:22:20 INFO Block producer 2 upgraded
2026-02-20 19:22:20 INFO Querying RPCs
2026-02-20 19:22:20 INFO - l2-el-1-bor-heimdall-v2-validator: 407
2026-02-20 19:22:20 INFO - l2-el-2-bor-heimdall-v2-validator: 396
2026-02-20 19:22:20 INFO - l2-el-3-bor-heimdall-v2-validator: 407
2026-02-20 19:22:20 INFO - l2-el-4-bor-heimdall-v2-validator: 407
2026-02-20 19:22:20 INFO - l2-el-5-bor-heimdall-v2-rpc: 407
2026-02-20 19:22:21 INFO - l2-el-6-erigon-heimdall-v2-rpc: 408
2026-02-20 19:22:21 INFO Listing containers
NAMES                                                IMAGE                         STATUS
l2-cl-1-heimdall-v2-bor-validator                    0xpolygon/heimdall-v2:0.6.0   Up 2 minutes
l2-cl-2-heimdall-v2-bor-validator                    0xpolygon/heimdall-v2:0.6.0   Up 15 seconds
l2-cl-3-heimdall-v2-bor-validator                    0xpolygon/heimdall-v2:0.6.0   Up 2 minutes
l2-cl-4-heimdall-v2-bor-validator                    0xpolygon/heimdall-v2:0.6.0   Up 2 minutes
l2-el-1-bor-heimdall-v2-validator                    0xpolygon/bor:2.6.0-amd64     Up 2 minutes
l2-el-2-bor-heimdall-v2-validator                    0xpolygon/bor:2.6.0-amd64     Up 10 seconds
l2-el-3-bor-heimdall-v2-validator                    0xpolygon/bor:2.6.0-amd64     Up About a minute
l2-el-4-bor-heimdall-v2-validator                    0xpolygon/bor:2.6.0-amd64     Up About a minute
l2-el-5-bor-heimdall-v2-rpc                          0xpolygon/bor:2.6.0-amd64     Up About a minute
l2-el-6-erigon-heimdall-v2-rpc                       0xpolygon/erigon:v3.4.0       Up About a minute
2026-02-20 19:22:21 INFO Waiting for all RPCs to reach block 356
2026-02-20 19:22:21 INFO Check 1/50
2026-02-20 19:22:21 INFO - l2-el-1-bor-heimdall-v2-validator: 408 / 356 - OK
2026-02-20 19:22:21 INFO - l2-el-2-bor-heimdall-v2-validator: 396 / 356 - OK
2026-02-20 19:22:21 INFO - l2-el-3-bor-heimdall-v2-validator: 408 / 356 - OK
2026-02-20 19:22:21 INFO - l2-el-4-bor-heimdall-v2-validator: 408 / 356 - OK
2026-02-20 19:22:21 INFO - l2-el-5-bor-heimdall-v2-rpc: 408 / 356 - OK
2026-02-20 19:22:21 INFO - l2-el-6-erigon-heimdall-v2-rpc: 408 / 356 - OK
2026-02-20 19:22:21 INFO All RPCs reached block 356
